<?xml version="1.0" encoding="UTF-8"?>
<!-- Generated by org.testng.reporters.JUnitXMLReporter -->
<testsuite ignored="0" hostname="RSI1587" failures="0" tests="6" name="Test" time="186.429" errors="0" timestamp="2020-02-11T12:39:59 BRT">
  <testcase classname="br.com.rsinet.hub_TDD.Testes.TestCadastro" name="Cadastro1" time="42.543"/>
  <testcase classname="br.com.rsinet.hub_TDD.Testes.TestCadastro" name="Cadastro2" time="41.521"/>
  <testcase classname="br.com.rsinet.hub_TDD.Testes.BuscaLupa" name="BuscaPelaLupa1" time="3.797"/>
  <testcase classname="br.com.rsinet.hub_TDD.Testes.BuscaLupa" name="BuscaPelaLupa2" time="3.999"/>
  <testcase classname="br.com.rsinet.hub_TDD.Testes.PaginaInicial" name="PaginaInicial1" time="5.431"/>
  <testcase classname="br.com.rsinet.hub_TDD.Testes.PaginaInicial" name="PaginaInicial2" time="15.654"/>
</testsuite> <!-- Test -->
